<?xml version="1.0" encoding="UTF-8"?>
<testng-results ignored="0" total="2" passed="1" failed="1" skipped="0">
  <reporter-output>
  </reporter-output>
  <suite started-at="2023-08-03T08:25:40 IST" name="Default suite" finished-at="2023-08-03T08:26:17 IST" duration-ms="37149">
    <groups>
    </groups>
    <test started-at="2023-08-03T08:25:40 IST" name="Default test" finished-at="2023-08-03T08:26:17 IST" duration-ms="37149">
      <class name="TestCases.VerifyWomwensModule">
        <test-method is-config="true" signature="BeforeClass()[pri:0, instance:TestCases.VerifyWomwensModule@6bbe85a8]" started-at="2023-08-03T08:25:40 IST" name="BeforeClass" finished-at="2023-08-03T08:25:46 IST" duration-ms="6629" status="PASS">
          <reporter-output>
          </reporter-output>
        </test-method> <!-- BeforeClass -->
        <test-method is-config="true" signature="BeforeMethod()[pri:0, instance:TestCases.VerifyWomwensModule@6bbe85a8]" started-at="2023-08-03T08:25:46 IST" name="BeforeMethod" finished-at="2023-08-03T08:25:54 IST" duration-ms="7624" status="PASS">
          <reporter-output>
          </reporter-output>
        </test-method> <!-- BeforeMethod -->
        <test-method signature="Tc_Women_003()[pri:0, instance:TestCases.VerifyWomwensModule@6bbe85a8]" started-at="2023-08-03T08:25:54 IST" name="Tc_Women_003" finished-at="2023-08-03T08:25:58 IST" duration-ms="4356" status="FAIL">
          <exception class="java.lang.AssertionError">
            <message>
              <![CDATA[The following asserts failed:
expected [123Indianclothings] but found [Indianclothings]]]>
            </message>
            <full-stacktrace>
              <![CDATA[java.lang.AssertionError: The following asserts failed:
expected [123Indianclothings] but found [Indianclothings]
at org.testng.asserts.SoftAssert.assertAll(SoftAssert.java:46)
at org.testng.asserts.SoftAssert.assertAll(SoftAssert.java:30)
at TestCases.VerifyWomwensModule.Tc_Women_003(VerifyWomwensModule.java:35)
at java.base/jdk.internal.reflect.NativeMethodAccessorImpl.invoke0(Native Method)
at java.base/jdk.internal.reflect.NativeMethodAccessorImpl.invoke(NativeMethodAccessorImpl.java:77)
at java.base/jdk.internal.reflect.DelegatingMethodAccessorImpl.invoke(DelegatingMethodAccessorImpl.java:43)
at java.base/java.lang.reflect.Method.invoke(Method.java:568)
at org.testng.internal.invokers.MethodInvocationHelper.invokeMethod(MethodInvocationHelper.java:139)
at org.testng.internal.invokers.TestInvoker.invokeMethod(TestInvoker.java:664)
at org.testng.internal.invokers.TestInvoker.invokeTestMethod(TestInvoker.java:227)
at org.testng.internal.invokers.MethodRunner.runInSequence(MethodRunner.java:50)
at org.testng.internal.invokers.TestInvoker$MethodInvocationAgent.invoke(TestInvoker.java:957)
at org.testng.internal.invokers.TestInvoker.invokeTestMethods(TestInvoker.java:200)
at org.testng.internal.invokers.TestMethodWorker.invokeTestMethods(TestMethodWorker.java:148)
at org.testng.internal.invokers.TestMethodWorker.run(TestMethodWorker.java:128)
at java.base/java.util.ArrayList.forEach(ArrayList.java:1511)
at org.testng.TestRunner.privateRun(TestRunner.java:848)
at org.testng.TestRunner.run(TestRunner.java:621)
at org.testng.SuiteRunner.runTest(SuiteRunner.java:443)
at org.testng.SuiteRunner.runSequentially(SuiteRunner.java:437)
at org.testng.SuiteRunner.privateRun(SuiteRunner.java:397)
at org.testng.SuiteRunner.run(SuiteRunner.java:336)
at org.testng.SuiteRunnerWorker.runSuite(SuiteRunnerWorker.java:52)
at org.testng.SuiteRunnerWorker.run(SuiteRunnerWorker.java:95)
at org.testng.TestNG.runSuitesSequentially(TestNG.java:1280)
at org.testng.TestNG.runSuitesLocally(TestNG.java:1200)
at org.testng.TestNG.runSuites(TestNG.java:1114)
at org.testng.TestNG.run(TestNG.java:1082)
at org.testng.remote.AbstractRemoteTestNG.run(AbstractRemoteTestNG.java:115)
at org.testng.remote.RemoteTestNG.initAndRun(RemoteTestNG.java:251)
at org.testng.remote.RemoteTestNG.main(RemoteTestNG.java:77)
]]>
            </full-stacktrace>
          </exception> <!-- java.lang.AssertionError -->
          <reporter-output>
          </reporter-output>
        </test-method> <!-- Tc_Women_003 -->
        <test-method is-config="true" signature="AfterMethod()[pri:0, instance:TestCases.VerifyWomwensModule@6bbe85a8]" started-at="2023-08-03T08:25:59 IST" name="AfterMethod" finished-at="2023-08-03T08:26:03 IST" duration-ms="3950" status="PASS">
          <reporter-output>
          </reporter-output>
        </test-method> <!-- AfterMethod -->
        <test-method is-config="true" signature="BeforeMethod()[pri:0, instance:TestCases.VerifyWomwensModule@6bbe85a8]" started-at="2023-08-03T08:26:03 IST" name="BeforeMethod" finished-at="2023-08-03T08:26:08 IST" duration-ms="5263" status="PASS">
          <reporter-output>
          </reporter-output>
        </test-method> <!-- BeforeMethod -->
        <test-method signature="Tc_Women_004()[pri:0, instance:TestCases.VerifyWomwensModule@6bbe85a8]" started-at="2023-08-03T08:26:08 IST" name="Tc_Women_004" finished-at="2023-08-03T08:26:12 IST" duration-ms="3854" status="PASS">
          <reporter-output>
          </reporter-output>
        </test-method> <!-- Tc_Women_004 -->
        <test-method is-config="true" signature="AfterMethod()[pri:0, instance:TestCases.VerifyWomwensModule@6bbe85a8]" started-at="2023-08-03T08:26:12 IST" name="AfterMethod" finished-at="2023-08-03T08:26:16 IST" duration-ms="3901" status="PASS">
          <reporter-output>
          </reporter-output>
        </test-method> <!-- AfterMethod -->
        <test-method is-config="true" signature="AfterClass()[pri:0, instance:TestCases.VerifyWomwensModule@6bbe85a8]" started-at="2023-08-03T08:26:16 IST" name="AfterClass" finished-at="2023-08-03T08:26:17 IST" duration-ms="947" status="PASS">
          <reporter-output>
          </reporter-output>
        </test-method> <!-- AfterClass -->
      </class> <!-- TestCases.VerifyWomwensModule -->
    </test> <!-- Default test -->
  </suite> <!-- Default suite -->
</testng-results>
